<?xml version="1.0" encoding="UTF-8"?>
<!-- Generated by org.testng.reporters.JUnitReportReporter -->
<testsuite hostname="LAPTOP-EJ1IEQNT" failures="0" tests="3" name="newPack.NewClass" time="0.017" errors="0" timestamp="2021-08-31T13:42:51 CEST" skipped="0">
  <testcase classname="newPack.NewClass" name="test1" time="0.009"/>
  <system-out/>
  <testcase classname="newPack.NewClass" name="test2" time="0.004"/>
  <system-out/>
  <testcase classname="newPack.NewClass" name="test3" time="0.004"/>
  <system-out/>
</testsuite> <!-- newPack.NewClass -->
