<?xml version="1.0" encoding="UTF-8"?>
<!-- Generated by org.testng.reporters.JUnitReportReporter -->
<testsuite hostname="LAPTOP-EJ1IEQNT" failures="0" tests="1" name="newPack.NewClass2" time="0.004" errors="0" timestamp="2021-08-31T13:42:51 CEST" skipped="0">
  <testcase classname="newPack.NewClass2" name="test4" time="0.004"/>
  <system-out/>
</testsuite> <!-- newPack.NewClass2 -->
